<?xml version="1.0" encoding="UTF-8"?>
<testng-results ignored="0" total="2" passed="2" failed="0" skipped="0">
  <reporter-output>
  </reporter-output>
  <suite started-at="2024-11-08T21:12:50 IST" name="Suite" finished-at="2024-11-08T21:13:05 IST" duration-ms="14904">
    <groups>
      <group name="Master">
        <method signature="TC001AccountRegistrationTest.verify_account_registration()[pri:0, instance:testCases.TC001AccountRegistrationTest@60fa3495]" name="verify_account_registration" class="testCases.TC001AccountRegistrationTest"/>
        <method signature="TC002LoginTest.verify_login()[pri:0, instance:testCases.TC002LoginTest@29a60c27]" name="verify_login" class="testCases.TC002LoginTest"/>
      </group> <!-- Master -->
      <group name="Sanity">
        <method signature="TC002LoginTest.verify_login()[pri:0, instance:testCases.TC002LoginTest@29a60c27]" name="verify_login" class="testCases.TC002LoginTest"/>
      </group> <!-- Sanity -->
      <group name="Regression">
        <method signature="TC001AccountRegistrationTest.verify_account_registration()[pri:0, instance:testCases.TC001AccountRegistrationTest@60fa3495]" name="verify_account_registration" class="testCases.TC001AccountRegistrationTest"/>
      </group> <!-- Regression -->
    </groups>
    <test started-at="2024-11-08T21:12:50 IST" name="Test" finished-at="2024-11-08T21:13:05 IST" duration-ms="14904">
      <class name="testCases.TC002LoginTest">
        <test-method is-config="true" signature="setup(java.lang.String,java.lang.String)[pri:0, instance:testCases.TC002LoginTest@29a60c27]" started-at="2024-11-08T21:12:59 IST" name="setup" finished-at="2024-11-08T21:13:03 IST" duration-ms="3786" status="PASS">
          <params>
            <param index="0">
              <value>
                <![CDATA[Windows]]>
              </value>
            </param>
            <param index="1">
              <value>
                <![CDATA[chrome]]>
              </value>
            </param>
          </params>
          <reporter-output>
          </reporter-output>
        </test-method> <!-- setup -->
        <test-method signature="verify_login()[pri:0, instance:testCases.TC002LoginTest@29a60c27]" started-at="2024-11-08T21:13:03 IST" name="verify_login" finished-at="2024-11-08T21:13:05 IST" duration-ms="1783" status="PASS">
          <reporter-output>
          </reporter-output>
        </test-method> <!-- verify_login -->
        <test-method is-config="true" signature="tearDown()[pri:0, instance:testCases.TC002LoginTest@29a60c27]" started-at="2024-11-08T21:13:05 IST" name="tearDown" finished-at="2024-11-08T21:13:05 IST" duration-ms="178" status="PASS">
          <reporter-output>
          </reporter-output>
        </test-method> <!-- tearDown -->
      </class> <!-- testCases.TC002LoginTest -->
      <class name="testCases.TC001AccountRegistrationTest">
        <test-method is-config="true" signature="setup(java.lang.String,java.lang.String)[pri:0, instance:testCases.TC001AccountRegistrationTest@60fa3495]" started-at="2024-11-08T21:12:51 IST" name="setup" finished-at="2024-11-08T21:12:57 IST" duration-ms="6062" status="PASS">
          <params>
            <param index="0">
              <value>
                <![CDATA[Windows]]>
              </value>
            </param>
            <param index="1">
              <value>
                <![CDATA[chrome]]>
              </value>
            </param>
          </params>
          <reporter-output>
          </reporter-output>
        </test-method> <!-- setup -->
        <test-method signature="verify_account_registration()[pri:0, instance:testCases.TC001AccountRegistrationTest@60fa3495]" started-at="2024-11-08T21:12:57 IST" name="verify_account_registration" finished-at="2024-11-08T21:12:59 IST" duration-ms="2682" status="PASS">
          <reporter-output>
          </reporter-output>
        </test-method> <!-- verify_account_registration -->
        <test-method is-config="true" signature="tearDown()[pri:0, instance:testCases.TC001AccountRegistrationTest@60fa3495]" started-at="2024-11-08T21:12:59 IST" name="tearDown" finished-at="2024-11-08T21:12:59 IST" duration-ms="156" status="PASS">
          <reporter-output>
          </reporter-output>
        </test-method> <!-- tearDown -->
      </class> <!-- testCases.TC001AccountRegistrationTest -->
    </test> <!-- Test -->
  </suite> <!-- Suite -->
</testng-results>
